<?xml version="1.0" encoding="UTF-8"?>
<testng-results skipped="0" failed="0" ignored="0" total="1" passed="1">
  <reporter-output>
  </reporter-output>
  <suite name="Surefire suite" duration-ms="28" started-at="2019-02-09T20:25:58Z" finished-at="2019-02-09T20:25:58Z">
    <groups>
    </groups>
    <test name="Surefire test" duration-ms="28" started-at="2019-02-09T20:25:58Z" finished-at="2019-02-09T20:25:58Z">
      <class name="SeleniumwithMaven.AppTest">
        <test-method status="PASS" signature="testApp()[pri:0, instance:testApp(SeleniumwithMaven.AppTest)]" name="testApp" duration-ms="0" started-at="2019-02-09T20:25:58Z" finished-at="2019-02-09T20:25:58Z">
          <reporter-output>
          </reporter-output>
        </test-method> <!-- testApp -->
      </class> <!-- SeleniumwithMaven.AppTest -->
    </test> <!-- Surefire test -->
  </suite> <!-- Surefire suite -->
</testng-results>
