<?xml version="1.0" encoding="UTF-8"?>
<testng-results skipped="0" failed="0" ignored="0" total="1" passed="1">
  <reporter-output>
  </reporter-output>
  <suite name="Surefire suite" duration-ms="36" started-at="2019-02-09T20:25:58Z" finished-at="2019-02-09T20:25:58Z">
    <groups>
    </groups>
    <test name="Surefire test" duration-ms="36" started-at="2019-02-09T20:25:58Z" finished-at="2019-02-09T20:25:58Z">
      <class name="SeleniumwithMaven.SampleTest">
        <test-method status="PASS" signature="BrowserAutomation()[pri:0, instance:SeleniumwithMaven.SampleTest@60f82f98]" name="BrowserAutomation" duration-ms="8" started-at="2019-02-09T20:25:58Z" finished-at="2019-02-09T20:25:58Z">
          <reporter-output>
          </reporter-output>
        </test-method> <!-- BrowserAutomation -->
      </class> <!-- SeleniumwithMaven.SampleTest -->
    </test> <!-- Surefire test -->
  </suite> <!-- Surefire suite -->
</testng-results>
