<?xml version="1.0" encoding="UTF-8"?>
<testng-results skipped="0" failed="0" ignored="0" total="1" passed="1">
  <reporter-output>
  </reporter-output>
  <suite name="Suite" duration-ms="71" started-at="2019-02-09T21:13:43Z" finished-at="2019-02-09T21:13:43Z">
    <groups>
    </groups>
    <test name="Test" duration-ms="71" started-at="2019-02-09T21:13:43Z" finished-at="2019-02-09T21:13:43Z">
      <class name="SeleniumwithMaven.SampleTest">
        <test-method status="PASS" signature="BrowserAutomation()[pri:0, instance:SeleniumwithMaven.SampleTest@35f983a6]" name="BrowserAutomation" duration-ms="16" started-at="2019-02-09T21:13:43Z" finished-at="2019-02-09T21:13:43Z">
          <reporter-output>
          </reporter-output>
        </test-method> <!-- BrowserAutomation -->
      </class> <!-- SeleniumwithMaven.SampleTest -->
    </test> <!-- Test -->
  </suite> <!-- Suite -->
</testng-results>
